

***********************************************************************
Fatal NI connect error 12514, connecting to:
 (DESCRIPTION=(CONNECT_DATA=(SERVICE_NAME=gcoop)(CID=(PROGRAM=C:\Program?Files\Sybase\PowerBuilder?12.0\PB120.EXE)(HOST=DOYS)(USER=Doys)))(ADDRESS=(PROTOCOL=TCP)(HOST=192.168.99.97)(PORT=1521)))

  VERSION INFORMATION:
	TNS for 32-bit Windows: Version 10.2.0.3.0 - Production
	Windows NT TCP/IP NT Protocol Adapter for 32-bit Windows: Version 10.2.0.3.0 - Production
  Time: 30-JUL-2010 10:08:25
  Tracing not turned on.
  Tns error struct:
    ns main err code: 12564
    TNS-12564: TNS:connection refused
    ns secondary err code: 0
    nt main err code: 0
    nt secondary err code: 0
    nt OS err code: 0


***********************************************************************
Fatal NI connect error 12514, connecting to:
 (DESCRIPTION=(CONNECT_DATA=(SERVICE_NAME=gcoop)(CID=(PROGRAM=C:\Program?Files\Sybase\PowerBuilder?12.0\PB120.EXE)(HOST=DOYS)(USER=Doys)))(ADDRESS=(PROTOCOL=TCP)(HOST=192.168.99.97)(PORT=1521)))

  VERSION INFORMATION:
	TNS for 32-bit Windows: Version 10.2.0.3.0 - Production
	Windows NT TCP/IP NT Protocol Adapter for 32-bit Windows: Version 10.2.0.3.0 - Production
  Time: 02-AUG-2010 10:27:43
  Tracing not turned on.
  Tns error struct:
    ns main err code: 12564
    TNS-12564: TNS:connection refused
    ns secondary err code: 0
    nt main err code: 0
    nt secondary err code: 0
    nt OS err code: 0


***********************************************************************
Fatal NI connect error 12170.

  VERSION INFORMATION:
	TNS for 32-bit Windows: Version 10.2.0.1.0 - Production
	Windows NT TCP/IP NT Protocol Adapter for 32-bit Windows: Version 10.2.0.1.0 - Production
  Time: 24-Ê.¤. -2010 20:29:42
  Tracing not turned on.
  Tns error struct:
    ns main err code: 12535
    TNS-12535: TNS:operation timed out
    ns secondary err code: 12560
    nt main err code: 505
    TNS-00505: Operation timed out
    nt secondary err code: 60
    nt OS err code: 0
  Client address: <unknown>
