

***********************************************************************
Fatal NI connect error 12560, connecting to:
 (DESCRIPTION=(ADDRESS=(PROTOCOL=BEQ)(PROGRAM=oracle)(ARGV0=oraclegcoop)(ARGS='(DESCRIPTION=(LOCAL=YES)(ADDRESS=(PROTOCOL=beq)))'))(CONNECT_DATA=(SID=gcoop)(CID=(PROGRAM=C:\GCOOP\WinPrintServer\bin\Debug\WinPrint.exe)(HOST=DOYS)(USER=Doys))))

  VERSION INFORMATION:
	TNS for 32-bit Windows: Version 10.2.0.3.0 - Production
	Oracle Bequeath NT Protocol Adapter for 32-bit Windows: Version 10.2.0.3.0 - Production
  Time: 14-æ.¬. -2010 21:28:00
  Tracing not turned on.
  Tns error struct:
    ns main err code: 12560
    TNS-12560: TNS: ¢ÈÕº‘¥æ≈“¥¢ÕßÕ–·¥ª‡µÕ√Ï‚ª√‚µ§Õ≈
    ns secondary err code: 0
    nt main err code: 530
    TNS-00530: ¢ÈÕº‘¥æ≈“¥¢ÕßÕ–·¥ª‡µÕ√Ï‚ª√‚µ§Õ≈
    nt secondary err code: 2
    nt OS err code: 0


***********************************************************************
Fatal NI connect error 12560, connecting to:
 (DESCRIPTION=(ADDRESS=(PROTOCOL=BEQ)(PROGRAM=oracle)(ARGV0=oraclegcoop)(ARGS='(DESCRIPTION=(LOCAL=YES)(ADDRESS=(PROTOCOL=beq)))'))(CONNECT_DATA=(SID=gcoop)(CID=(PROGRAM=C:\GCOOP\WinPrintServer\bin\Debug\WinPrint.exe)(HOST=DOYS)(USER=Doys))))

  VERSION INFORMATION:
	TNS for 32-bit Windows: Version 10.2.0.3.0 - Production
	Oracle Bequeath NT Protocol Adapter for 32-bit Windows: Version 10.2.0.3.0 - Production
  Time: 14-æ.¬. -2010 21:28:00
  Tracing not turned on.
  Tns error struct:
    ns main err code: 12560
    TNS-12560: TNS: ¢ÈÕº‘¥æ≈“¥¢ÕßÕ–·¥ª‡µÕ√Ï‚ª√‚µ§Õ≈
    ns secondary err code: 0
    nt main err code: 530
    TNS-00530: ¢ÈÕº‘¥æ≈“¥¢ÕßÕ–·¥ª‡µÕ√Ï‚ª√‚µ§Õ≈
    nt secondary err code: 2
    nt OS err code: 0


***********************************************************************
Fatal NI connect error 12560, connecting to:
 (DESCRIPTION=(ADDRESS=(PROTOCOL=BEQ)(PROGRAM=oracle)(ARGV0=oraclegcoop)(ARGS='(DESCRIPTION=(LOCAL=YES)(ADDRESS=(PROTOCOL=beq)))'))(CONNECT_DATA=(SID=gcoop)(CID=(PROGRAM=C:\GCOOP\WinPrintServer\bin\Debug\WinPrint.exe)(HOST=DOYS)(USER=Doys))))

  VERSION INFORMATION:
	TNS for 32-bit Windows: Version 10.2.0.3.0 - Production
	Oracle Bequeath NT Protocol Adapter for 32-bit Windows: Version 10.2.0.3.0 - Production
  Time: 14-æ.¬. -2010 21:28:00
  Tracing not turned on.
  Tns error struct:
    ns main err code: 12560
    TNS-12560: TNS: ¢ÈÕº‘¥æ≈“¥¢ÕßÕ–·¥ª‡µÕ√Ï‚ª√‚µ§Õ≈
    ns secondary err code: 0
    nt main err code: 530
    TNS-00530: ¢ÈÕº‘¥æ≈“¥¢ÕßÕ–·¥ª‡µÕ√Ï‚ª√‚µ§Õ≈
    nt secondary err code: 2
    nt OS err code: 0


***********************************************************************
Fatal NI connect error 12560, connecting to:
 (DESCRIPTION=(ADDRESS=(PROTOCOL=BEQ)(PROGRAM=oracle)(ARGV0=oraclegcoop)(ARGS='(DESCRIPTION=(LOCAL=YES)(ADDRESS=(PROTOCOL=beq)))'))(CONNECT_DATA=(SID=gcoop)(CID=(PROGRAM=C:\GCOOP\WinPrintServer\bin\Debug\WinPrint.exe)(HOST=DOYS)(USER=Doys))))

  VERSION INFORMATION:
	TNS for 32-bit Windows: Version 10.2.0.3.0 - Production
	Oracle Bequeath NT Protocol Adapter for 32-bit Windows: Version 10.2.0.3.0 - Production
  Time: 14-æ.¬. -2010 21:28:03
  Tracing not turned on.
  Tns error struct:
    ns main err code: 12560
    TNS-12560: TNS: ¢ÈÕº‘¥æ≈“¥¢ÕßÕ–·¥ª‡µÕ√Ï‚ª√‚µ§Õ≈
    ns secondary err code: 0
    nt main err code: 530
    TNS-00530: ¢ÈÕº‘¥æ≈“¥¢ÕßÕ–·¥ª‡µÕ√Ï‚ª√‚µ§Õ≈
    nt secondary err code: 2
    nt OS err code: 0


***********************************************************************
Fatal NI connect error 12560, connecting to:
 (DESCRIPTION=(ADDRESS=(PROTOCOL=BEQ)(PROGRAM=oracle)(ARGV0=oraclegcoop)(ARGS='(DESCRIPTION=(LOCAL=YES)(ADDRESS=(PROTOCOL=beq)))'))(CONNECT_DATA=(SID=gcoop)(CID=(PROGRAM=C:\GCOOP\WinPrintServer\bin\Debug\WinPrint.exe)(HOST=DOYS)(USER=Doys))))

  VERSION INFORMATION:
	TNS for 32-bit Windows: Version 10.2.0.3.0 - Production
	Oracle Bequeath NT Protocol Adapter for 32-bit Windows: Version 10.2.0.3.0 - Production
  Time: 14-æ.¬. -2010 21:28:42
  Tracing not turned on.
  Tns error struct:
    ns main err code: 12560
    TNS-12560: TNS: ¢ÈÕº‘¥æ≈“¥¢ÕßÕ–·¥ª‡µÕ√Ï‚ª√‚µ§Õ≈
    ns secondary err code: 0
    nt main err code: 530
    TNS-00530: ¢ÈÕº‘¥æ≈“¥¢ÕßÕ–·¥ª‡µÕ√Ï‚ª√‚µ§Õ≈
    nt secondary err code: 2
    nt OS err code: 0
